<?xml version="1.0" encoding="UTF-8"?>
<!-- Generated by org.testng.reporters.JUnitXMLReporter -->
<testsuite ignored="0" hostname="QT-INBG-LT1025" failures="0" tests="16" name="Test" time="134.52" errors="0" timestamp="2022-09-19T11:27:09 IST">
  <testcase classname="Mobile.signin" name="sign" time="11.647"/>
  <testcase classname="Mobile.signin" name="sign" time="8.739"/>
  <testcase classname="Mobile.signin" name="sign" time="8.722"/>
  <testcase classname="Mobile.signin" name="sign" time="10.292"/>
  <testcase classname="Mobile.signup" name="sign" time="14.641"/>
  <testcase classname="Mobile.signup" name="sign" time="15.317"/>
  <testcase classname="Mobile.signup" name="sign" time="16.56"/>
  <testcase classname="Mobile.signup" name="sign" time="15.394"/>
  <testcase classname="Mobile.Homepage" name="homepage1" time="4.1"/>
  <testcase classname="Mobile.Homepage" name="homepage2" time="4.075"/>
  <testcase classname="Mobile.Homepage" name="homepage3" time="4.278"/>
  <testcase classname="Mobile.Homepage" name="homepage4" time="4.434"/>
  <testcase classname="Mobile.Homepage" name="homepage5" time="4.055"/>
  <testcase classname="Mobile.Homepage" name="homepage6" time="4.015"/>
  <testcase classname="Mobile.Homepage" name="homepage7" time="4.089"/>
  <testcase classname="Mobile.Homepage" name="homepage8" time="4.047"/>
</testsuite> <!-- Test -->
