<?xml version="1.0" encoding="UTF-8"?>
<!-- Generated by org.testng.reporters.JUnitXMLReporter -->
<testsuite ignored="0" hostname="QT-INBG-LT1025" failures="0" tests="4" name="Default test" time="68.102" errors="0" timestamp="2022-09-19T10:29:42 IST">
  <testcase classname="Mobile.signup" name="sign" time="20.169"/>
  <testcase classname="Mobile.signup" name="sign" time="15.749"/>
  <testcase classname="Mobile.signup" name="sign" time="16.578"/>
  <testcase classname="Mobile.signup" name="sign" time="15.509"/>
</testsuite> <!-- Default test -->
